app/build/intermediates/manifest_merge_blame_file/debug/manifest-merger-blame-debug-report.txt
1<?xml version="1.0" encoding="utf-8"?>
2<manifest xmlns:android="http://schemas.android.com/apk/res/android"
3    package="com.example.bawangchakun"
4    android:versionCode="1"
5    android:versionName="1.0" >
6
7    <uses-sdk
8        android:minSdkVersion="21"
8-->src\main\AndroidManifest.xml
9        android:targetSdkVersion="32" />
9-->src\main\AndroidManifest.xml
10
11    <uses-permission android:name="android.permission.INTERNET" />
11-->src\main\AndroidManifest.xml:5:5-67
11-->src\main\AndroidManifest.xml:5:22-64
12    <uses-permission
12-->src\main\AndroidManifest.xml:6:5-7:38
13        android:name="android.permission.READ_EXTERNAL_STORAGE"
13-->src\main\AndroidManifest.xml:6:22-77
14        android:maxSdkVersion="32" />
14-->src\main\AndroidManifest.xml:7:9-35
15    <uses-permission android:name="android.permission.READ_MEDIA_IMAGES" />
15-->src\main\AndroidManifest.xml:8:5-76
15-->src\main\AndroidManifest.xml:8:22-73
16
17    <application
17-->src\main\AndroidManifest.xml:10:5-42:19
18        android:allowBackup="true"
18-->src\main\AndroidManifest.xml:11:9-35
19        android:appComponentFactory="androidx.core.app.CoreComponentFactory"
19-->[androidx.core:core:1.8.0] AndroidManifest.xml:24:18-86
20        android:dataExtractionRules="@xml/data_extraction_rules"
20-->src\main\AndroidManifest.xml:12:9-65
21        android:debuggable="true"
22        android:fullBackupContent="@xml/backup_rules"
22-->src\main\AndroidManifest.xml:13:9-54
23        android:icon="@mipmap/ic_launcher"
23-->src\main\AndroidManifest.xml:14:9-43
24        android:label="@string/app_name"
24-->src\main\AndroidManifest.xml:15:9-41
25        android:roundIcon="@mipmap/ic_launcher_round"
25-->src\main\AndroidManifest.xml:16:9-54
26        android:supportsRtl="true"
26-->src\main\AndroidManifest.xml:17:9-35
27        android:testOnly="true"
28        android:theme="@style/Theme.Bawangchakun" >
28-->src\main\AndroidManifest.xml:18:9-50
29        <activity android:name="com.example.bawangchakun.CartActivity" />
29-->src\main\AndroidManifest.xml:20:9-49
29-->src\main\AndroidManifest.xml:20:19-47
30        <activity
30-->src\main\AndroidManifest.xml:21:9-22:57
31            android:name="com.example.bawangchakun.GuideActivity"
31-->src\main\AndroidManifest.xml:21:19-48
32            android:theme="@style/Theme.Bawangchakun" />
32-->src\main\AndroidManifest.xml:22:13-54
33        <activity android:name="com.example.bawangchakun.AIChatActivity" />
33-->src\main\AndroidManifest.xml:23:9-52
33-->src\main\AndroidManifest.xml:23:19-49
34        <activity android:name="com.example.bawangchakun.ConfirmOrderActivity" />
34-->src\main\AndroidManifest.xml:24:9-57
34-->src\main\AndroidManifest.xml:24:19-55
35        <activity android:name="com.example.bawangchakun.ForgotPasswordActivity" />
35-->src\main\AndroidManifest.xml:25:9-59
35-->src\main\AndroidManifest.xml:25:19-57
36        <activity android:name="com.example.bawangchakun.LoginActivity" />
36-->src\main\AndroidManifest.xml:26:9-50
36-->src\main\AndroidManifest.xml:26:19-48
37        <activity android:name="com.example.bawangchakun.OrderListActivity" />
37-->src\main\AndroidManifest.xml:27:9-54
37-->src\main\AndroidManifest.xml:27:19-52
38        <activity android:name="com.example.bawangchakun.ProductDetailActivity" />
38-->src\main\AndroidManifest.xml:28:9-58
38-->src\main\AndroidManifest.xml:28:19-56
39        <activity android:name="com.example.bawangchakun.ProfileActivity" />
39-->src\main\AndroidManifest.xml:29:9-52
39-->src\main\AndroidManifest.xml:29:19-50
40        <activity android:name="com.example.bawangchakun.RegisterActivity" />
40-->src\main\AndroidManifest.xml:30:9-53
40-->src\main\AndroidManifest.xml:30:19-51
41        <activity
41-->src\main\AndroidManifest.xml:31:9-39:20
42            android:name="com.example.bawangchakun.SplashActivity"
42-->src\main\AndroidManifest.xml:32:13-43
43            android:exported="true" >
43-->src\main\AndroidManifest.xml:33:13-36
44            <intent-filter>
44-->src\main\AndroidManifest.xml:34:13-38:29
45                <action android:name="android.intent.action.MAIN" />
45-->src\main\AndroidManifest.xml:35:17-69
45-->src\main\AndroidManifest.xml:35:25-66
46
47                <category android:name="android.intent.category.LAUNCHER" />
47-->src\main\AndroidManifest.xml:37:17-77
47-->src\main\AndroidManifest.xml:37:27-74
48            </intent-filter>
49        </activity>
50        <activity android:name="com.example.bawangchakun.MainActivity" />
50-->src\main\AndroidManifest.xml:40:9-49
50-->src\main\AndroidManifest.xml:40:19-47
51        <activity android:name="com.example.bawangchakun.ChangePasswordActivity" />
51-->src\main\AndroidManifest.xml:41:9-60
51-->src\main\AndroidManifest.xml:41:19-57
52
53        <provider
53-->[androidx.emoji2:emoji2:1.2.0] AndroidManifest.xml:24:9-32:20
54            android:name="androidx.startup.InitializationProvider"
54-->[androidx.emoji2:emoji2:1.2.0] AndroidManifest.xml:25:13-67
55            android:authorities="com.example.bawangchakun.androidx-startup"
55-->[androidx.emoji2:emoji2:1.2.0] AndroidManifest.xml:26:13-68
56            android:exported="false" >
56-->[androidx.emoji2:emoji2:1.2.0] AndroidManifest.xml:27:13-37
57            <meta-data
57-->[androidx.emoji2:emoji2:1.2.0] AndroidManifest.xml:29:13-31:52
58                android:name="androidx.emoji2.text.EmojiCompatInitializer"
58-->[androidx.emoji2:emoji2:1.2.0] AndroidManifest.xml:30:17-75
59                android:value="androidx.startup" />
59-->[androidx.emoji2:emoji2:1.2.0] AndroidManifest.xml:31:17-49
60            <meta-data
60-->[androidx.lifecycle:lifecycle-process:2.4.1] AndroidManifest.xml:31:13-33:52
61                android:name="androidx.lifecycle.ProcessLifecycleInitializer"
61-->[androidx.lifecycle:lifecycle-process:2.4.1] AndroidManifest.xml:32:17-78
62                android:value="androidx.startup" />
62-->[androidx.lifecycle:lifecycle-process:2.4.1] AndroidManifest.xml:33:17-49
63        </provider>
64    </application>
65
66</manifest>